DEB [20170502-02:46:27.607] thr=1   paramiko.transport: starting thread (client mode): 0x736d1e50L
DEB [20170502-02:46:27.607] thr=1   paramiko.transport: Local version/idstring: SSH-2.0-paramiko_2.1.2
DEB [20170502-02:46:27.610] thr=1   paramiko.transport: Remote version/idstring: SSH-2.0-OpenSSH_6.6.1p1 Ubuntu-2ubuntu2.3
INF [20170502-02:46:27.610] thr=1   paramiko.transport: Connected (version 2.0, client OpenSSH_6.6.1p1)
DEB [20170502-02:46:27.611] thr=1   paramiko.transport: kex algos:[u'curve25519-sha256@libssh.org', u'ecdh-sha2-nistp256', u'ecdh-sha2-nistp384', u'ecdh-sha2-nistp521', u'diffie-hellman-group-exchange-sha256', u'diffie-hellman-group-exchange-sha1', u'diffie-hellman-group14-sha1', u'diffie-hellman-group1-sha1'] server key:[u'ssh-rsa', u'ssh-dss', u'ecdsa-sha2-nistp256', u'ssh-ed25519'] client encrypt:[u'aes128-ctr', u'aes192-ctr', u'aes256-ctr', u'arcfour256', u'arcfour128', u'aes128-gcm@openssh.com', u'aes256-gcm@openssh.com', u'chacha20-poly1305@openssh.com', u'aes128-cbc', u'3des-cbc', u'blowfish-cbc', u'cast128-cbc', u'aes192-cbc', u'aes256-cbc', u'arcfour', u'rijndael-cbc@lysator.liu.se'] server encrypt:[u'aes128-ctr', u'aes192-ctr', u'aes256-ctr', u'arcfour256', u'arcfour128', u'aes128-gcm@openssh.com', u'aes256-gcm@openssh.com', u'chacha20-poly1305@openssh.com', u'aes128-cbc', u'3des-cbc', u'blowfish-cbc', u'cast128-cbc', u'aes192-cbc', u'aes256-cbc', u'arcfour', u'rijndael-cbc@lysator.liu.se'] client mac:[u'hmac-md5-etm@openssh.com', u'hmac-sha1-etm@openssh.com', u'umac-64-etm@openssh.com', u'umac-128-etm@openssh.com', u'hmac-sha2-256-etm@openssh.com', u'hmac-sha2-512-etm@openssh.com', u'hmac-ripemd160-etm@openssh.com', u'hmac-sha1-96-etm@openssh.com', u'hmac-md5-96-etm@openssh.com', u'hmac-md5', u'hmac-sha1', u'umac-64@openssh.com', u'umac-128@openssh.com', u'hmac-sha2-256', u'hmac-sha2-512', u'hmac-ripemd160', u'hmac-ripemd160@openssh.com', u'hmac-sha1-96', u'hmac-md5-96'] server mac:[u'hmac-md5-etm@openssh.com', u'hmac-sha1-etm@openssh.com', u'umac-64-etm@openssh.com', u'umac-128-etm@openssh.com', u'hmac-sha2-256-etm@openssh.com', u'hmac-sha2-512-etm@openssh.com', u'hmac-ripemd160-etm@openssh.com', u'hmac-sha1-96-etm@openssh.com', u'hmac-md5-96-etm@openssh.com', u'hmac-md5', u'hmac-sha1', u'umac-64@openssh.com', u'umac-128@openssh.com', u'hmac-sha2-256', u'hmac-sha2-512', u'hmac-ripemd160', u'hmac-ripemd160@openssh.com', u'hmac-sha1-96', u'hmac-md5-96'] client compress:[u'none', u'zlib@openssh.com'] server compress:[u'none', u'zlib@openssh.com'] client lang:[u''] server lang:[u''] kex follows?False
DEB [20170502-02:46:27.611] thr=1   paramiko.transport: Kex agreed: diffie-hellman-group1-sha1
DEB [20170502-02:46:27.611] thr=1   paramiko.transport: Cipher agreed: aes128-ctr
DEB [20170502-02:46:27.611] thr=1   paramiko.transport: MAC agreed: hmac-sha2-256
DEB [20170502-02:46:27.611] thr=1   paramiko.transport: Compression agreed: none
DEB [20170502-02:46:27.631] thr=2   paramiko.transport: starting thread (client mode): 0x736d1f90L
DEB [20170502-02:46:27.632] thr=2   paramiko.transport: Local version/idstring: SSH-2.0-paramiko_2.1.2
DEB [20170502-02:46:27.638] thr=2   paramiko.transport: Remote version/idstring: SSH-2.0-OpenSSH_6.6.1p1 Ubuntu-2ubuntu2.3
INF [20170502-02:46:27.638] thr=2   paramiko.transport: Connected (version 2.0, client OpenSSH_6.6.1p1)
DEB [20170502-02:46:27.639] thr=2   paramiko.transport: kex algos:[u'curve25519-sha256@libssh.org', u'ecdh-sha2-nistp256', u'ecdh-sha2-nistp384', u'ecdh-sha2-nistp521', u'diffie-hellman-group-exchange-sha256', u'diffie-hellman-group-exchange-sha1', u'diffie-hellman-group14-sha1', u'diffie-hellman-group1-sha1'] server key:[u'ssh-rsa', u'ssh-dss', u'ecdsa-sha2-nistp256', u'ssh-ed25519'] client encrypt:[u'aes128-ctr', u'aes192-ctr', u'aes256-ctr', u'arcfour256', u'arcfour128', u'aes128-gcm@openssh.com', u'aes256-gcm@openssh.com', u'chacha20-poly1305@openssh.com', u'aes128-cbc', u'3des-cbc', u'blowfish-cbc', u'cast128-cbc', u'aes192-cbc', u'aes256-cbc', u'arcfour', u'rijndael-cbc@lysator.liu.se'] server encrypt:[u'aes128-ctr', u'aes192-ctr', u'aes256-ctr', u'arcfour256', u'arcfour128', u'aes128-gcm@openssh.com', u'aes256-gcm@openssh.com', u'chacha20-poly1305@openssh.com', u'aes128-cbc', u'3des-cbc', u'blowfish-cbc', u'cast128-cbc', u'aes192-cbc', u'aes256-cbc', u'arcfour', u'rijndael-cbc@lysator.liu.se'] client mac:[u'hmac-md5-etm@openssh.com', u'hmac-sha1-etm@openssh.com', u'umac-64-etm@openssh.com', u'umac-128-etm@openssh.com', u'hmac-sha2-256-etm@openssh.com', u'hmac-sha2-512-etm@openssh.com', u'hmac-ripemd160-etm@openssh.com', u'hmac-sha1-96-etm@openssh.com', u'hmac-md5-96-etm@openssh.com', u'hmac-md5', u'hmac-sha1', u'umac-64@openssh.com', u'umac-128@openssh.com', u'hmac-sha2-256', u'hmac-sha2-512', u'hmac-ripemd160', u'hmac-ripemd160@openssh.com', u'hmac-sha1-96', u'hmac-md5-96'] server mac:[u'hmac-md5-etm@openssh.com', u'hmac-sha1-etm@openssh.com', u'umac-64-etm@openssh.com', u'umac-128-etm@openssh.com', u'hmac-sha2-256-etm@openssh.com', u'hmac-sha2-512-etm@openssh.com', u'hmac-ripemd160-etm@openssh.com', u'hmac-sha1-96-etm@openssh.com', u'hmac-md5-96-etm@openssh.com', u'hmac-md5', u'hmac-sha1', u'umac-64@openssh.com', u'umac-128@openssh.com', u'hmac-sha2-256', u'hmac-sha2-512', u'hmac-ripemd160', u'hmac-ripemd160@openssh.com', u'hmac-sha1-96', u'hmac-md5-96'] client compress:[u'none', u'zlib@openssh.com'] server compress:[u'none', u'zlib@openssh.com'] client lang:[u''] server lang:[u''] kex follows?False
DEB [20170502-02:46:27.639] thr=2   paramiko.transport: Kex agreed: diffie-hellman-group1-sha1
DEB [20170502-02:46:27.639] thr=2   paramiko.transport: Cipher agreed: aes128-ctr
DEB [20170502-02:46:27.640] thr=2   paramiko.transport: MAC agreed: hmac-sha2-256
DEB [20170502-02:46:27.640] thr=2   paramiko.transport: Compression agreed: none
DEB [20170502-02:46:27.785] thr=1   paramiko.transport: kex engine KexGroup1 specified hash_algo <built-in function openssl_sha1>
DEB [20170502-02:46:27.785] thr=2   paramiko.transport: kex engine KexGroup1 specified hash_algo <built-in function openssl_sha1>
DEB [20170502-02:46:27.786] thr=1   paramiko.transport: Switch to new keys ...
DEB [20170502-02:46:27.786] thr=2   paramiko.transport: Switch to new keys ...
DEB [20170502-02:46:27.790] thr=3   paramiko.transport: Adding ssh-rsa host key for 202.115.24.74: 7c66a29b2f13b49c9aec177f6d00c6ae
DEB [20170502-02:46:27.823] thr=2   paramiko.transport: userauth is OK
DEB [20170502-02:46:27.823] thr=2   paramiko.transport: userauth is OK
INF [20170502-02:46:27.858] thr=2   paramiko.transport: Authentication (password) successful!
DEB [20170502-02:46:27.866] thr=4   paramiko.transport: [chan 0] Max packet in: 32768 bytes
WAR [20170502-02:46:27.945] thr=2   paramiko.transport: Oops, unhandled type 3
DEB [20170502-02:46:27.945] thr=2   paramiko.transport: [chan 0] Max packet out: 32768 bytes
DEB [20170502-02:46:27.945] thr=2   paramiko.transport: Secsh channel 0 opened.
DEB [20170502-02:46:27.968] thr=2   paramiko.transport: [chan 0] Sesch channel 0 request ok
DEB [20170502-02:46:40.683] thr=2   paramiko.transport: [chan 0] EOF received (0)
DEB [20170502-02:46:40.684] thr=2   paramiko.transport: EOF in transport thread
DEB [20170502-02:48:27.611] thr=1   paramiko.transport: EOF in transport thread
DEB [20170502-02:53:21.947] thr=1   paramiko.transport: starting thread (client mode): 0xf29ce450L
DEB [20170502-02:53:21.947] thr=1   paramiko.transport: Local version/idstring: SSH-2.0-paramiko_2.1.2
DEB [20170502-02:53:21.949] thr=1   paramiko.transport: Remote version/idstring: SSH-2.0-OpenSSH_6.6.1p1 Ubuntu-2ubuntu2.3
INF [20170502-02:53:21.949] thr=1   paramiko.transport: Connected (version 2.0, client OpenSSH_6.6.1p1)
DEB [20170502-02:53:21.950] thr=1   paramiko.transport: kex algos:[u'curve25519-sha256@libssh.org', u'ecdh-sha2-nistp256', u'ecdh-sha2-nistp384', u'ecdh-sha2-nistp521', u'diffie-hellman-group-exchange-sha256', u'diffie-hellman-group-exchange-sha1', u'diffie-hellman-group14-sha1', u'diffie-hellman-group1-sha1'] server key:[u'ssh-rsa', u'ssh-dss', u'ecdsa-sha2-nistp256', u'ssh-ed25519'] client encrypt:[u'aes128-ctr', u'aes192-ctr', u'aes256-ctr', u'arcfour256', u'arcfour128', u'aes128-gcm@openssh.com', u'aes256-gcm@openssh.com', u'chacha20-poly1305@openssh.com', u'aes128-cbc', u'3des-cbc', u'blowfish-cbc', u'cast128-cbc', u'aes192-cbc', u'aes256-cbc', u'arcfour', u'rijndael-cbc@lysator.liu.se'] server encrypt:[u'aes128-ctr', u'aes192-ctr', u'aes256-ctr', u'arcfour256', u'arcfour128', u'aes128-gcm@openssh.com', u'aes256-gcm@openssh.com', u'chacha20-poly1305@openssh.com', u'aes128-cbc', u'3des-cbc', u'blowfish-cbc', u'cast128-cbc', u'aes192-cbc', u'aes256-cbc', u'arcfour', u'rijndael-cbc@lysator.liu.se'] client mac:[u'hmac-md5-etm@openssh.com', u'hmac-sha1-etm@openssh.com', u'umac-64-etm@openssh.com', u'umac-128-etm@openssh.com', u'hmac-sha2-256-etm@openssh.com', u'hmac-sha2-512-etm@openssh.com', u'hmac-ripemd160-etm@openssh.com', u'hmac-sha1-96-etm@openssh.com', u'hmac-md5-96-etm@openssh.com', u'hmac-md5', u'hmac-sha1', u'umac-64@openssh.com', u'umac-128@openssh.com', u'hmac-sha2-256', u'hmac-sha2-512', u'hmac-ripemd160', u'hmac-ripemd160@openssh.com', u'hmac-sha1-96', u'hmac-md5-96'] server mac:[u'hmac-md5-etm@openssh.com', u'hmac-sha1-etm@openssh.com', u'umac-64-etm@openssh.com', u'umac-128-etm@openssh.com', u'hmac-sha2-256-etm@openssh.com', u'hmac-sha2-512-etm@openssh.com', u'hmac-ripemd160-etm@openssh.com', u'hmac-sha1-96-etm@openssh.com', u'hmac-md5-96-etm@openssh.com', u'hmac-md5', u'hmac-sha1', u'umac-64@openssh.com', u'umac-128@openssh.com', u'hmac-sha2-256', u'hmac-sha2-512', u'hmac-ripemd160', u'hmac-ripemd160@openssh.com', u'hmac-sha1-96', u'hmac-md5-96'] client compress:[u'none', u'zlib@openssh.com'] server compress:[u'none', u'zlib@openssh.com'] client lang:[u''] server lang:[u''] kex follows?False
DEB [20170502-02:53:21.950] thr=1   paramiko.transport: Kex agreed: diffie-hellman-group1-sha1
DEB [20170502-02:53:21.950] thr=1   paramiko.transport: Cipher agreed: aes128-ctr
DEB [20170502-02:53:21.950] thr=1   paramiko.transport: MAC agreed: hmac-sha2-256
DEB [20170502-02:53:21.950] thr=1   paramiko.transport: Compression agreed: none
DEB [20170502-02:53:21.963] thr=2   paramiko.transport: starting thread (client mode): 0xf1efac90L
DEB [20170502-02:53:21.963] thr=2   paramiko.transport: Local version/idstring: SSH-2.0-paramiko_2.1.2
DEB [20170502-02:53:21.969] thr=2   paramiko.transport: Remote version/idstring: SSH-2.0-OpenSSH_6.6.1p1 Ubuntu-2ubuntu2.3
INF [20170502-02:53:21.969] thr=2   paramiko.transport: Connected (version 2.0, client OpenSSH_6.6.1p1)
DEB [20170502-02:53:21.970] thr=2   paramiko.transport: kex algos:[u'curve25519-sha256@libssh.org', u'ecdh-sha2-nistp256', u'ecdh-sha2-nistp384', u'ecdh-sha2-nistp521', u'diffie-hellman-group-exchange-sha256', u'diffie-hellman-group-exchange-sha1', u'diffie-hellman-group14-sha1', u'diffie-hellman-group1-sha1'] server key:[u'ssh-rsa', u'ssh-dss', u'ecdsa-sha2-nistp256', u'ssh-ed25519'] client encrypt:[u'aes128-ctr', u'aes192-ctr', u'aes256-ctr', u'arcfour256', u'arcfour128', u'aes128-gcm@openssh.com', u'aes256-gcm@openssh.com', u'chacha20-poly1305@openssh.com', u'aes128-cbc', u'3des-cbc', u'blowfish-cbc', u'cast128-cbc', u'aes192-cbc', u'aes256-cbc', u'arcfour', u'rijndael-cbc@lysator.liu.se'] server encrypt:[u'aes128-ctr', u'aes192-ctr', u'aes256-ctr', u'arcfour256', u'arcfour128', u'aes128-gcm@openssh.com', u'aes256-gcm@openssh.com', u'chacha20-poly1305@openssh.com', u'aes128-cbc', u'3des-cbc', u'blowfish-cbc', u'cast128-cbc', u'aes192-cbc', u'aes256-cbc', u'arcfour', u'rijndael-cbc@lysator.liu.se'] client mac:[u'hmac-md5-etm@openssh.com', u'hmac-sha1-etm@openssh.com', u'umac-64-etm@openssh.com', u'umac-128-etm@openssh.com', u'hmac-sha2-256-etm@openssh.com', u'hmac-sha2-512-etm@openssh.com', u'hmac-ripemd160-etm@openssh.com', u'hmac-sha1-96-etm@openssh.com', u'hmac-md5-96-etm@openssh.com', u'hmac-md5', u'hmac-sha1', u'umac-64@openssh.com', u'umac-128@openssh.com', u'hmac-sha2-256', u'hmac-sha2-512', u'hmac-ripemd160', u'hmac-ripemd160@openssh.com', u'hmac-sha1-96', u'hmac-md5-96'] server mac:[u'hmac-md5-etm@openssh.com', u'hmac-sha1-etm@openssh.com', u'umac-64-etm@openssh.com', u'umac-128-etm@openssh.com', u'hmac-sha2-256-etm@openssh.com', u'hmac-sha2-512-etm@openssh.com', u'hmac-ripemd160-etm@openssh.com', u'hmac-sha1-96-etm@openssh.com', u'hmac-md5-96-etm@openssh.com', u'hmac-md5', u'hmac-sha1', u'umac-64@openssh.com', u'umac-128@openssh.com', u'hmac-sha2-256', u'hmac-sha2-512', u'hmac-ripemd160', u'hmac-ripemd160@openssh.com', u'hmac-sha1-96', u'hmac-md5-96'] client compress:[u'none', u'zlib@openssh.com'] server compress:[u'none', u'zlib@openssh.com'] client lang:[u''] server lang:[u''] kex follows?False
DEB [20170502-02:53:21.970] thr=2   paramiko.transport: Kex agreed: diffie-hellman-group1-sha1
DEB [20170502-02:53:21.970] thr=2   paramiko.transport: Cipher agreed: aes128-ctr
DEB [20170502-02:53:21.970] thr=2   paramiko.transport: MAC agreed: hmac-sha2-256
DEB [20170502-02:53:21.970] thr=2   paramiko.transport: Compression agreed: none
DEB [20170502-02:53:22.134] thr=2   paramiko.transport: kex engine KexGroup1 specified hash_algo <built-in function openssl_sha1>
DEB [20170502-02:53:22.134] thr=1   paramiko.transport: kex engine KexGroup1 specified hash_algo <built-in function openssl_sha1>
DEB [20170502-02:53:22.135] thr=1   paramiko.transport: Switch to new keys ...
DEB [20170502-02:53:22.135] thr=2   paramiko.transport: Switch to new keys ...
DEB [20170502-02:53:22.136] thr=3   paramiko.transport: Adding ssh-rsa host key for 202.115.24.74: 7c66a29b2f13b49c9aec177f6d00c6ae
DEB [20170502-02:53:22.171] thr=2   paramiko.transport: userauth is OK
DEB [20170502-02:53:22.171] thr=2   paramiko.transport: userauth is OK
INF [20170502-02:53:22.264] thr=2   paramiko.transport: Authentication (password) successful!
DEB [20170502-02:53:22.267] thr=4   paramiko.transport: [chan 0] Max packet in: 32768 bytes
WAR [20170502-02:53:22.355] thr=2   paramiko.transport: Oops, unhandled type 3
DEB [20170502-02:53:22.356] thr=2   paramiko.transport: [chan 0] Max packet out: 32768 bytes
DEB [20170502-02:53:22.356] thr=2   paramiko.transport: Secsh channel 0 opened.
DEB [20170502-02:53:22.368] thr=2   paramiko.transport: [chan 0] Sesch channel 0 request ok
DEB [20170502-02:53:34.849] thr=2   paramiko.transport: [chan 0] EOF received (0)
DEB [20170502-02:53:34.850] thr=2   paramiko.transport: EOF in transport thread
DEB [20170502-02:55:21.949] thr=1   paramiko.transport: EOF in transport thread
DEB [20170502-02:57:42.266] thr=1   paramiko.transport: starting thread (client mode): 0x73524190L
DEB [20170502-02:57:42.266] thr=1   paramiko.transport: Local version/idstring: SSH-2.0-paramiko_2.1.2
DEB [20170502-02:57:42.274] thr=1   paramiko.transport: Remote version/idstring: SSH-2.0-OpenSSH_6.6.1p1 Ubuntu-2ubuntu2.3
INF [20170502-02:57:42.274] thr=1   paramiko.transport: Connected (version 2.0, client OpenSSH_6.6.1p1)
DEB [20170502-02:57:42.275] thr=1   paramiko.transport: kex algos:[u'curve25519-sha256@libssh.org', u'ecdh-sha2-nistp256', u'ecdh-sha2-nistp384', u'ecdh-sha2-nistp521', u'diffie-hellman-group-exchange-sha256', u'diffie-hellman-group-exchange-sha1', u'diffie-hellman-group14-sha1', u'diffie-hellman-group1-sha1'] server key:[u'ssh-rsa', u'ssh-dss', u'ecdsa-sha2-nistp256', u'ssh-ed25519'] client encrypt:[u'aes128-ctr', u'aes192-ctr', u'aes256-ctr', u'arcfour256', u'arcfour128', u'aes128-gcm@openssh.com', u'aes256-gcm@openssh.com', u'chacha20-poly1305@openssh.com', u'aes128-cbc', u'3des-cbc', u'blowfish-cbc', u'cast128-cbc', u'aes192-cbc', u'aes256-cbc', u'arcfour', u'rijndael-cbc@lysator.liu.se'] server encrypt:[u'aes128-ctr', u'aes192-ctr', u'aes256-ctr', u'arcfour256', u'arcfour128', u'aes128-gcm@openssh.com', u'aes256-gcm@openssh.com', u'chacha20-poly1305@openssh.com', u'aes128-cbc', u'3des-cbc', u'blowfish-cbc', u'cast128-cbc', u'aes192-cbc', u'aes256-cbc', u'arcfour', u'rijndael-cbc@lysator.liu.se'] client mac:[u'hmac-md5-etm@openssh.com', u'hmac-sha1-etm@openssh.com', u'umac-64-etm@openssh.com', u'umac-128-etm@openssh.com', u'hmac-sha2-256-etm@openssh.com', u'hmac-sha2-512-etm@openssh.com', u'hmac-ripemd160-etm@openssh.com', u'hmac-sha1-96-etm@openssh.com', u'hmac-md5-96-etm@openssh.com', u'hmac-md5', u'hmac-sha1', u'umac-64@openssh.com', u'umac-128@openssh.com', u'hmac-sha2-256', u'hmac-sha2-512', u'hmac-ripemd160', u'hmac-ripemd160@openssh.com', u'hmac-sha1-96', u'hmac-md5-96'] server mac:[u'hmac-md5-etm@openssh.com', u'hmac-sha1-etm@openssh.com', u'umac-64-etm@openssh.com', u'umac-128-etm@openssh.com', u'hmac-sha2-256-etm@openssh.com', u'hmac-sha2-512-etm@openssh.com', u'hmac-ripemd160-etm@openssh.com', u'hmac-sha1-96-etm@openssh.com', u'hmac-md5-96-etm@openssh.com', u'hmac-md5', u'hmac-sha1', u'umac-64@openssh.com', u'umac-128@openssh.com', u'hmac-sha2-256', u'hmac-sha2-512', u'hmac-ripemd160', u'hmac-ripemd160@openssh.com', u'hmac-sha1-96', u'hmac-md5-96'] client compress:[u'none', u'zlib@openssh.com'] server compress:[u'none', u'zlib@openssh.com'] client lang:[u''] server lang:[u''] kex follows?False
DEB [20170502-02:57:42.275] thr=1   paramiko.transport: Kex agreed: diffie-hellman-group1-sha1
DEB [20170502-02:57:42.275] thr=1   paramiko.transport: Cipher agreed: aes128-ctr
DEB [20170502-02:57:42.275] thr=1   paramiko.transport: MAC agreed: hmac-sha2-256
DEB [20170502-02:57:42.275] thr=1   paramiko.transport: Compression agreed: none
DEB [20170502-02:57:42.291] thr=2   paramiko.transport: starting thread (client mode): 0x724bc450L
DEB [20170502-02:57:42.293] thr=2   paramiko.transport: Local version/idstring: SSH-2.0-paramiko_2.1.2
DEB [20170502-02:57:42.298] thr=2   paramiko.transport: Remote version/idstring: SSH-2.0-OpenSSH_6.6.1p1 Ubuntu-2ubuntu2.3
INF [20170502-02:57:42.298] thr=2   paramiko.transport: Connected (version 2.0, client OpenSSH_6.6.1p1)
DEB [20170502-02:57:42.299] thr=2   paramiko.transport: kex algos:[u'curve25519-sha256@libssh.org', u'ecdh-sha2-nistp256', u'ecdh-sha2-nistp384', u'ecdh-sha2-nistp521', u'diffie-hellman-group-exchange-sha256', u'diffie-hellman-group-exchange-sha1', u'diffie-hellman-group14-sha1', u'diffie-hellman-group1-sha1'] server key:[u'ssh-rsa', u'ssh-dss', u'ecdsa-sha2-nistp256', u'ssh-ed25519'] client encrypt:[u'aes128-ctr', u'aes192-ctr', u'aes256-ctr', u'arcfour256', u'arcfour128', u'aes128-gcm@openssh.com', u'aes256-gcm@openssh.com', u'chacha20-poly1305@openssh.com', u'aes128-cbc', u'3des-cbc', u'blowfish-cbc', u'cast128-cbc', u'aes192-cbc', u'aes256-cbc', u'arcfour', u'rijndael-cbc@lysator.liu.se'] server encrypt:[u'aes128-ctr', u'aes192-ctr', u'aes256-ctr', u'arcfour256', u'arcfour128', u'aes128-gcm@openssh.com', u'aes256-gcm@openssh.com', u'chacha20-poly1305@openssh.com', u'aes128-cbc', u'3des-cbc', u'blowfish-cbc', u'cast128-cbc', u'aes192-cbc', u'aes256-cbc', u'arcfour', u'rijndael-cbc@lysator.liu.se'] client mac:[u'hmac-md5-etm@openssh.com', u'hmac-sha1-etm@openssh.com', u'umac-64-etm@openssh.com', u'umac-128-etm@openssh.com', u'hmac-sha2-256-etm@openssh.com', u'hmac-sha2-512-etm@openssh.com', u'hmac-ripemd160-etm@openssh.com', u'hmac-sha1-96-etm@openssh.com', u'hmac-md5-96-etm@openssh.com', u'hmac-md5', u'hmac-sha1', u'umac-64@openssh.com', u'umac-128@openssh.com', u'hmac-sha2-256', u'hmac-sha2-512', u'hmac-ripemd160', u'hmac-ripemd160@openssh.com', u'hmac-sha1-96', u'hmac-md5-96'] server mac:[u'hmac-md5-etm@openssh.com', u'hmac-sha1-etm@openssh.com', u'umac-64-etm@openssh.com', u'umac-128-etm@openssh.com', u'hmac-sha2-256-etm@openssh.com', u'hmac-sha2-512-etm@openssh.com', u'hmac-ripemd160-etm@openssh.com', u'hmac-sha1-96-etm@openssh.com', u'hmac-md5-96-etm@openssh.com', u'hmac-md5', u'hmac-sha1', u'umac-64@openssh.com', u'umac-128@openssh.com', u'hmac-sha2-256', u'hmac-sha2-512', u'hmac-ripemd160', u'hmac-ripemd160@openssh.com', u'hmac-sha1-96', u'hmac-md5-96'] client compress:[u'none', u'zlib@openssh.com'] server compress:[u'none', u'zlib@openssh.com'] client lang:[u''] server lang:[u''] kex follows?False
DEB [20170502-02:57:42.299] thr=2   paramiko.transport: Kex agreed: diffie-hellman-group1-sha1
DEB [20170502-02:57:42.299] thr=2   paramiko.transport: Cipher agreed: aes128-ctr
DEB [20170502-02:57:42.299] thr=2   paramiko.transport: MAC agreed: hmac-sha2-256
DEB [20170502-02:57:42.299] thr=2   paramiko.transport: Compression agreed: none
DEB [20170502-02:57:42.465] thr=1   paramiko.transport: kex engine KexGroup1 specified hash_algo <built-in function openssl_sha1>
DEB [20170502-02:57:42.466] thr=2   paramiko.transport: kex engine KexGroup1 specified hash_algo <built-in function openssl_sha1>
DEB [20170502-02:57:42.467] thr=1   paramiko.transport: Switch to new keys ...
DEB [20170502-02:57:42.467] thr=2   paramiko.transport: Switch to new keys ...
DEB [20170502-02:57:42.477] thr=3   paramiko.transport: Adding ssh-rsa host key for 202.115.24.74: 7c66a29b2f13b49c9aec177f6d00c6ae
DEB [20170502-02:57:42.488] thr=4   paramiko.transport: Adding ssh-rsa host key for 202.115.24.74: 7c66a29b2f13b49c9aec177f6d00c6ae
DEB [20170502-02:57:42.503] thr=1   paramiko.transport: userauth is OK
DEB [20170502-02:57:42.503] thr=2   paramiko.transport: userauth is OK
INF [20170502-02:57:42.520] thr=1   paramiko.transport: Authentication (password) successful!
DEB [20170502-02:57:42.541] thr=3   paramiko.transport: [chan 0] Max packet in: 32768 bytes
DEB [20170502-02:57:42.598] thr=1   paramiko.transport: [chan 0] Max packet out: 32768 bytes
DEB [20170502-02:57:42.598] thr=1   paramiko.transport: Secsh channel 0 opened.
DEB [20170502-02:57:42.606] thr=1   paramiko.transport: [chan 0] Sesch channel 0 request ok
DEB [20170502-02:57:42.608] thr=1   paramiko.transport: EOF in transport thread
DEB [20170502-02:57:42.613] thr=5   paramiko.transport: starting thread (client mode): 0x724bca90L
DEB [20170502-02:57:42.613] thr=5   paramiko.transport: Local version/idstring: SSH-2.0-paramiko_2.1.2
DEB [20170502-02:57:42.616] thr=5   paramiko.transport: Remote version/idstring: SSH-2.0-OpenSSH_6.6.1p1 Ubuntu-2ubuntu2.3
INF [20170502-02:57:42.616] thr=5   paramiko.transport: Connected (version 2.0, client OpenSSH_6.6.1p1)
DEB [20170502-02:57:42.616] thr=5   paramiko.transport: kex algos:[u'curve25519-sha256@libssh.org', u'ecdh-sha2-nistp256', u'ecdh-sha2-nistp384', u'ecdh-sha2-nistp521', u'diffie-hellman-group-exchange-sha256', u'diffie-hellman-group-exchange-sha1', u'diffie-hellman-group14-sha1', u'diffie-hellman-group1-sha1'] server key:[u'ssh-rsa', u'ssh-dss', u'ecdsa-sha2-nistp256', u'ssh-ed25519'] client encrypt:[u'aes128-ctr', u'aes192-ctr', u'aes256-ctr', u'arcfour256', u'arcfour128', u'aes128-gcm@openssh.com', u'aes256-gcm@openssh.com', u'chacha20-poly1305@openssh.com', u'aes128-cbc', u'3des-cbc', u'blowfish-cbc', u'cast128-cbc', u'aes192-cbc', u'aes256-cbc', u'arcfour', u'rijndael-cbc@lysator.liu.se'] server encrypt:[u'aes128-ctr', u'aes192-ctr', u'aes256-ctr', u'arcfour256', u'arcfour128', u'aes128-gcm@openssh.com', u'aes256-gcm@openssh.com', u'chacha20-poly1305@openssh.com', u'aes128-cbc', u'3des-cbc', u'blowfish-cbc', u'cast128-cbc', u'aes192-cbc', u'aes256-cbc', u'arcfour', u'rijndael-cbc@lysator.liu.se'] client mac:[u'hmac-md5-etm@openssh.com', u'hmac-sha1-etm@openssh.com', u'umac-64-etm@openssh.com', u'umac-128-etm@openssh.com', u'hmac-sha2-256-etm@openssh.com', u'hmac-sha2-512-etm@openssh.com', u'hmac-ripemd160-etm@openssh.com', u'hmac-sha1-96-etm@openssh.com', u'hmac-md5-96-etm@openssh.com', u'hmac-md5', u'hmac-sha1', u'umac-64@openssh.com', u'umac-128@openssh.com', u'hmac-sha2-256', u'hmac-sha2-512', u'hmac-ripemd160', u'hmac-ripemd160@openssh.com', u'hmac-sha1-96', u'hmac-md5-96'] server mac:[u'hmac-md5-etm@openssh.com', u'hmac-sha1-etm@openssh.com', u'umac-64-etm@openssh.com', u'umac-128-etm@openssh.com', u'hmac-sha2-256-etm@openssh.com', u'hmac-sha2-512-etm@openssh.com', u'hmac-ripemd160-etm@openssh.com', u'hmac-sha1-96-etm@openssh.com', u'hmac-md5-96-etm@openssh.com', u'hmac-md5', u'hmac-sha1', u'umac-64@openssh.com', u'umac-128@openssh.com', u'hmac-sha2-256', u'hmac-sha2-512', u'hmac-ripemd160', u'hmac-ripemd160@openssh.com', u'hmac-sha1-96', u'hmac-md5-96'] client compress:[u'none', u'zlib@openssh.com'] server compress:[u'none', u'zlib@openssh.com'] client lang:[u''] server lang:[u''] kex follows?False
DEB [20170502-02:57:42.617] thr=5   paramiko.transport: Kex agreed: diffie-hellman-group1-sha1
DEB [20170502-02:57:42.617] thr=5   paramiko.transport: Cipher agreed: aes128-ctr
DEB [20170502-02:57:42.617] thr=5   paramiko.transport: MAC agreed: hmac-sha2-256
DEB [20170502-02:57:42.617] thr=5   paramiko.transport: Compression agreed: none
DEB [20170502-02:57:42.663] thr=5   paramiko.transport: kex engine KexGroup1 specified hash_algo <built-in function openssl_sha1>
DEB [20170502-02:57:42.663] thr=5   paramiko.transport: Switch to new keys ...
DEB [20170502-02:57:42.678] thr=3   paramiko.transport: Adding ssh-rsa host key for 202.115.24.74: 7c66a29b2f13b49c9aec177f6d00c6ae
DEB [20170502-02:57:42.699] thr=5   paramiko.transport: userauth is OK
INF [20170502-02:57:42.709] thr=5   paramiko.transport: Authentication (password) successful!
DEB [20170502-02:57:42.710] thr=3   paramiko.transport: [chan 0] Max packet in: 32768 bytes
DEB [20170502-02:57:42.791] thr=5   paramiko.transport: [chan 0] Max packet out: 32768 bytes
DEB [20170502-02:57:42.791] thr=5   paramiko.transport: Secsh channel 0 opened.
DEB [20170502-02:57:42.811] thr=5   paramiko.transport: [chan 0] Sesch channel 0 request ok
DEB [20170502-02:57:42.817] thr=5   paramiko.transport: [chan 0] EOF received (0)
DEB [20170502-02:57:42.817] thr=5   paramiko.transport: [chan 0] EOF sent (0)
DEB [20170502-02:57:42.818] thr=5   paramiko.transport: Dropping user packet because connection is dead.
DEB [20170502-02:57:42.818] thr=5   paramiko.transport: Dropping user packet because connection is dead.
INF [20170502-02:57:52.520] thr=2   paramiko.transport: Authentication (password) successful!
DEB [20170502-02:57:52.535] thr=4   paramiko.transport: [chan 0] Max packet in: 32768 bytes
DEB [20170502-02:57:52.644] thr=2   paramiko.transport: [chan 0] Max packet out: 32768 bytes
DEB [20170502-02:57:52.644] thr=2   paramiko.transport: Secsh channel 0 opened.
DEB [20170502-02:57:52.653] thr=2   paramiko.transport: [chan 0] Sesch channel 0 request ok
DEB [20170502-02:58:06.442] thr=2   paramiko.transport: [chan 0] EOF received (0)
DEB [20170502-02:58:06.443] thr=2   paramiko.transport: [chan 0] EOF sent (0)
DEB [20170502-02:58:06.543] thr=2   paramiko.transport: EOF in transport thread
DEB [20170502-02:58:28.251] thr=6   paramiko.transport: starting thread (client mode): 0x7137a450L
DEB [20170502-02:58:28.251] thr=6   paramiko.transport: Local version/idstring: SSH-2.0-paramiko_2.1.2
DEB [20170502-02:58:28.263] thr=6   paramiko.transport: Remote version/idstring: SSH-2.0-OpenSSH_6.6.1p1 Ubuntu-2ubuntu2.3
INF [20170502-02:58:28.264] thr=6   paramiko.transport: Connected (version 2.0, client OpenSSH_6.6.1p1)
DEB [20170502-02:58:28.265] thr=6   paramiko.transport: kex algos:[u'curve25519-sha256@libssh.org', u'ecdh-sha2-nistp256', u'ecdh-sha2-nistp384', u'ecdh-sha2-nistp521', u'diffie-hellman-group-exchange-sha256', u'diffie-hellman-group-exchange-sha1', u'diffie-hellman-group14-sha1', u'diffie-hellman-group1-sha1'] server key:[u'ssh-rsa', u'ssh-dss', u'ecdsa-sha2-nistp256', u'ssh-ed25519'] client encrypt:[u'aes128-ctr', u'aes192-ctr', u'aes256-ctr', u'arcfour256', u'arcfour128', u'aes128-gcm@openssh.com', u'aes256-gcm@openssh.com', u'chacha20-poly1305@openssh.com', u'aes128-cbc', u'3des-cbc', u'blowfish-cbc', u'cast128-cbc', u'aes192-cbc', u'aes256-cbc', u'arcfour', u'rijndael-cbc@lysator.liu.se'] server encrypt:[u'aes128-ctr', u'aes192-ctr', u'aes256-ctr', u'arcfour256', u'arcfour128', u'aes128-gcm@openssh.com', u'aes256-gcm@openssh.com', u'chacha20-poly1305@openssh.com', u'aes128-cbc', u'3des-cbc', u'blowfish-cbc', u'cast128-cbc', u'aes192-cbc', u'aes256-cbc', u'arcfour', u'rijndael-cbc@lysator.liu.se'] client mac:[u'hmac-md5-etm@openssh.com', u'hmac-sha1-etm@openssh.com', u'umac-64-etm@openssh.com', u'umac-128-etm@openssh.com', u'hmac-sha2-256-etm@openssh.com', u'hmac-sha2-512-etm@openssh.com', u'hmac-ripemd160-etm@openssh.com', u'hmac-sha1-96-etm@openssh.com', u'hmac-md5-96-etm@openssh.com', u'hmac-md5', u'hmac-sha1', u'umac-64@openssh.com', u'umac-128@openssh.com', u'hmac-sha2-256', u'hmac-sha2-512', u'hmac-ripemd160', u'hmac-ripemd160@openssh.com', u'hmac-sha1-96', u'hmac-md5-96'] server mac:[u'hmac-md5-etm@openssh.com', u'hmac-sha1-etm@openssh.com', u'umac-64-etm@openssh.com', u'umac-128-etm@openssh.com', u'hmac-sha2-256-etm@openssh.com', u'hmac-sha2-512-etm@openssh.com', u'hmac-ripemd160-etm@openssh.com', u'hmac-sha1-96-etm@openssh.com', u'hmac-md5-96-etm@openssh.com', u'hmac-md5', u'hmac-sha1', u'umac-64@openssh.com', u'umac-128@openssh.com', u'hmac-sha2-256', u'hmac-sha2-512', u'hmac-ripemd160', u'hmac-ripemd160@openssh.com', u'hmac-sha1-96', u'hmac-md5-96'] client compress:[u'none', u'zlib@openssh.com'] server compress:[u'none', u'zlib@openssh.com'] client lang:[u''] server lang:[u''] kex follows?False
DEB [20170502-02:58:28.265] thr=6   paramiko.transport: Kex agreed: diffie-hellman-group1-sha1
DEB [20170502-02:58:28.265] thr=6   paramiko.transport: Cipher agreed: aes128-ctr
DEB [20170502-02:58:28.266] thr=6   paramiko.transport: MAC agreed: hmac-sha2-256
DEB [20170502-02:58:28.266] thr=6   paramiko.transport: Compression agreed: none
DEB [20170502-02:58:28.311] thr=6   paramiko.transport: kex engine KexGroup1 specified hash_algo <built-in function openssl_sha1>
DEB [20170502-02:58:28.311] thr=6   paramiko.transport: Switch to new keys ...
DEB [20170502-02:58:28.333] thr=7   paramiko.transport: Adding ssh-rsa host key for 202.115.24.74: 7c66a29b2f13b49c9aec177f6d00c6ae
DEB [20170502-02:58:28.347] thr=6   paramiko.transport: userauth is OK
INF [20170502-02:58:28.417] thr=6   paramiko.transport: Authentication (password) successful!
DEB [20170502-02:58:28.434] thr=7   paramiko.transport: [chan 0] Max packet in: 32768 bytes
DEB [20170502-02:58:28.504] thr=6   paramiko.transport: [chan 0] Max packet out: 32768 bytes
DEB [20170502-02:58:28.504] thr=6   paramiko.transport: Secsh channel 0 opened.
DEB [20170502-02:58:28.536] thr=6   paramiko.transport: [chan 0] Sesch channel 0 request ok
DEB [20170502-02:58:28.538] thr=6   paramiko.transport: [chan 0] EOF received (0)
DEB [20170502-02:58:28.543] thr=8   paramiko.transport: starting thread (client mode): 0x724bc7d0L
DEB [20170502-02:58:28.543] thr=8   paramiko.transport: Local version/idstring: SSH-2.0-paramiko_2.1.2
DEB [20170502-02:58:28.545] thr=8   paramiko.transport: Remote version/idstring: SSH-2.0-OpenSSH_6.6.1p1 Ubuntu-2ubuntu2.3
INF [20170502-02:58:28.545] thr=8   paramiko.transport: Connected (version 2.0, client OpenSSH_6.6.1p1)
DEB [20170502-02:58:28.546] thr=8   paramiko.transport: kex algos:[u'curve25519-sha256@libssh.org', u'ecdh-sha2-nistp256', u'ecdh-sha2-nistp384', u'ecdh-sha2-nistp521', u'diffie-hellman-group-exchange-sha256', u'diffie-hellman-group-exchange-sha1', u'diffie-hellman-group14-sha1', u'diffie-hellman-group1-sha1'] server key:[u'ssh-rsa', u'ssh-dss', u'ecdsa-sha2-nistp256', u'ssh-ed25519'] client encrypt:[u'aes128-ctr', u'aes192-ctr', u'aes256-ctr', u'arcfour256', u'arcfour128', u'aes128-gcm@openssh.com', u'aes256-gcm@openssh.com', u'chacha20-poly1305@openssh.com', u'aes128-cbc', u'3des-cbc', u'blowfish-cbc', u'cast128-cbc', u'aes192-cbc', u'aes256-cbc', u'arcfour', u'rijndael-cbc@lysator.liu.se'] server encrypt:[u'aes128-ctr', u'aes192-ctr', u'aes256-ctr', u'arcfour256', u'arcfour128', u'aes128-gcm@openssh.com', u'aes256-gcm@openssh.com', u'chacha20-poly1305@openssh.com', u'aes128-cbc', u'3des-cbc', u'blowfish-cbc', u'cast128-cbc', u'aes192-cbc', u'aes256-cbc', u'arcfour', u'rijndael-cbc@lysator.liu.se'] client mac:[u'hmac-md5-etm@openssh.com', u'hmac-sha1-etm@openssh.com', u'umac-64-etm@openssh.com', u'umac-128-etm@openssh.com', u'hmac-sha2-256-etm@openssh.com', u'hmac-sha2-512-etm@openssh.com', u'hmac-ripemd160-etm@openssh.com', u'hmac-sha1-96-etm@openssh.com', u'hmac-md5-96-etm@openssh.com', u'hmac-md5', u'hmac-sha1', u'umac-64@openssh.com', u'umac-128@openssh.com', u'hmac-sha2-256', u'hmac-sha2-512', u'hmac-ripemd160', u'hmac-ripemd160@openssh.com', u'hmac-sha1-96', u'hmac-md5-96'] server mac:[u'hmac-md5-etm@openssh.com', u'hmac-sha1-etm@openssh.com', u'umac-64-etm@openssh.com', u'umac-128-etm@openssh.com', u'hmac-sha2-256-etm@openssh.com', u'hmac-sha2-512-etm@openssh.com', u'hmac-ripemd160-etm@openssh.com', u'hmac-sha1-96-etm@openssh.com', u'hmac-md5-96-etm@openssh.com', u'hmac-md5', u'hmac-sha1', u'umac-64@openssh.com', u'umac-128@openssh.com', u'hmac-sha2-256', u'hmac-sha2-512', u'hmac-ripemd160', u'hmac-ripemd160@openssh.com', u'hmac-sha1-96', u'hmac-md5-96'] client compress:[u'none', u'zlib@openssh.com'] server compress:[u'none', u'zlib@openssh.com'] client lang:[u''] server lang:[u''] kex follows?False
DEB [20170502-02:58:28.546] thr=8   paramiko.transport: Kex agreed: diffie-hellman-group1-sha1
DEB [20170502-02:58:28.547] thr=8   paramiko.transport: Cipher agreed: aes128-ctr
DEB [20170502-02:58:28.547] thr=8   paramiko.transport: MAC agreed: hmac-sha2-256
DEB [20170502-02:58:28.547] thr=8   paramiko.transport: Compression agreed: none
DEB [20170502-02:58:28.563] thr=8   paramiko.transport: kex engine KexGroup1 specified hash_algo <built-in function openssl_sha1>
DEB [20170502-02:58:28.564] thr=8   paramiko.transport: Switch to new keys ...
DEB [20170502-02:58:28.580] thr=7   paramiko.transport: Adding ssh-rsa host key for 202.115.24.74: 7c66a29b2f13b49c9aec177f6d00c6ae
DEB [20170502-02:58:28.603] thr=8   paramiko.transport: userauth is OK
INF [20170502-02:58:28.818] thr=8   paramiko.transport: Authentication (password) successful!
DEB [20170502-02:58:28.845] thr=7   paramiko.transport: [chan 0] Max packet in: 32768 bytes
DEB [20170502-02:58:28.910] thr=8   paramiko.transport: [chan 0] Max packet out: 32768 bytes
DEB [20170502-02:58:28.910] thr=8   paramiko.transport: Secsh channel 0 opened.
DEB [20170502-02:58:28.946] thr=8   paramiko.transport: [chan 0] Sesch channel 0 request ok
DEB [20170502-02:58:28.952] thr=8   paramiko.transport: [chan 0] EOF received (0)
DEB [20170502-02:58:28.952] thr=8   paramiko.transport: [chan 0] EOF sent (0)
DEB [20170502-02:58:28.952] thr=8   paramiko.transport: Dropping user packet because connection is dead.
DEB [20170502-02:58:28.953] thr=8   paramiko.transport: Dropping user packet because connection is dead.
